<?xml version="1.0" encoding="UTF-8"?>
<!-- Generated by org.testng.reporters.JUnitReportReporter -->
<testsuite hostname="L_RA_520" failures="0" tests="1" name="TestNG.Example_With_TestNG" time="12.500" errors="0" timestamp="2021-07-25T10:24:16 GMT-07:00" skipped="0">
  <testcase classname="TestNG.Example_With_TestNG" name="OpenKiteLoginPage" time="12.500"/>
  <system-out/>
</testsuite> <!-- TestNG.Example_With_TestNG -->
