<?xml version="1.0" encoding="UTF-8"?>
<!-- Generated by org.testng.reporters.JUnitReportReporter -->
<testsuite hostname="L_RA_520" failures="0" tests="2" name="TestNG.Example_MultiBrowser_Testing" time="19.866" errors="0" timestamp="2021-07-16T04:06:47 GMT-07:00" skipped="0">
  <testcase classname="TestNG.Example_MultiBrowser_Testing" name="TC" time="4.893"/>
  <system-out/>
  <testcase classname="TestNG.Example_MultiBrowser_Testing" name="TC" time="14.973"/>
  <system-out/>
</testsuite> <!-- TestNG.Example_MultiBrowser_Testing -->
