<?xml version="1.0" encoding="UTF-8"?>
<!-- Generated by org.testng.reporters.JUnitReportReporter -->
<testsuite hostname="L_RA_520" failures="0" tests="1" name="TestNG.Example_grouping" time="0.016" errors="0" timestamp="2021-07-26T12:23:35 GMT-07:00" skipped="0">
  <testcase classname="TestNG.Example_grouping" name="Tc1" time="0.016"/>
  <system-out>
    <![CDATA[Running Test 1..]]>
  </system-out>
</testsuite> <!-- TestNG.Example_grouping -->
