<?xml version="1.0" encoding="UTF-8"?>
<!-- Generated by org.testng.reporters.JUnitReportReporter -->
<testsuite hostname="L_RA_520" failures="0" tests="2" name="TestNG.Example1_Disable_Exeution_Fromlass" time="0.022" errors="0" timestamp="2021-07-15T09:34:40 GMT-07:00" skipped="1">
  <testcase classname="TestNG.Example1_Disable_Exeution_Fromlass" name="Tc4" time="0.022"/>
  <system-out>
    <![CDATA[Running Test 4..]]>
  </system-out>
  <testcase classname="TestNG.Example1_Disable_Exeution_Fromlass" name="Tc2">
    <skipped/>
  </testcase> <!-- Tc2 -->
  <system-out/>
</testsuite> <!-- TestNG.Example1_Disable_Exeution_Fromlass -->
