<?xml version="1.0" encoding="UTF-8"?>
<!-- Generated by org.testng.reporters.JUnitReportReporter -->
<testsuite hostname="L_RA_520" failures="0" tests="2" name="TestNG_1.Examp_1_TestNG" time="27.000" errors="0" timestamp="2021-07-25T10:40:50 GMT-07:00" skipped="0">
  <testcase classname="TestNG_1.Examp_1_TestNG" name="openToGoogle" time="14.162"/>
  <system-out>
    <![CDATA[Open the Google -------Pass]]>
  </system-out>
  <testcase classname="TestNG_1.Examp_1_TestNG" name="openToFaebook" time="12.838"/>
  <system-out>
    <![CDATA[Open the FB -------Pass]]>
  </system-out>
</testsuite> <!-- TestNG_1.Examp_1_TestNG -->
