<?xml version="1.0" encoding="UTF-8"?>
<!-- Generated by org.testng.reporters.JUnitReportReporter -->
<testsuite hostname="L_RA_520" failures="0" tests="5" name="TestNG.Example_TestNg_annotations" time="0.031" errors="0" timestamp="2021-07-13T08:48:45 GMT-07:00" skipped="0">
  <testcase classname="TestNG.Example_TestNg_annotations" name="enterUsername" time="0.007"/>
  <system-out>
    <![CDATA[Enter username]]>
  </system-out>
  <testcase classname="TestNG.Example_TestNg_annotations" name="enterUsername" time="0.003"/>
  <system-out>
    <![CDATA[Enter username]]>
  </system-out>
  <testcase classname="TestNG.Example_TestNg_annotations" name="enterUsername" time="0.011"/>
  <system-out>
    <![CDATA[Enter username]]>
  </system-out>
  <testcase classname="TestNG.Example_TestNg_annotations" name="enterUsername" time="0.005"/>
  <system-out>
    <![CDATA[Enter username]]>
  </system-out>
  <testcase classname="TestNG.Example_TestNg_annotations" name="pinverify" time="0.005"/>
  <system-out>
    <![CDATA[pin verify]]>
  </system-out>
</testsuite> <!-- TestNG.Example_TestNg_annotations -->
